<?xml version="1.0" encoding="UTF-8"?>
<!-- Generated by org.testng.reporters.JUnitReportReporter -->
<testsuite hostname="DESKTOP-M0F26I5" failures="0" tests="1" name="com.naveenautomation.pagechaining.tests.TermsNCondPageTest" time="8.155" errors="0" timestamp="2024-03-18T16:58:53 EDT" skipped="0">
  <testcase classname="com.naveenautomation.pagechaining.tests.TermsNCondPageTest" name="validateContactUsPageNavigationTermsNCondPageNavigation" time="8.155"/>
</testsuite> <!-- com.naveenautomation.pagechaining.tests.TermsNCondPageTest -->
