<?xml version="1.0" encoding="UTF-8"?>
<!-- Generated by org.testng.reporters.JUnitReportReporter -->
<testsuite hostname="DESKTOP-M0F26I5" failures="0" tests="1" name="com.naveenautomation.pagechaining.tests.BrandsPageTest" time="8.346" errors="0" timestamp="2024-03-18T15:49:05 EDT" skipped="0">
  <testcase classname="com.naveenautomation.pagechaining.tests.BrandsPageTest" name="validateBrandsPageNavigation" time="8.346"/>
</testsuite> <!-- com.naveenautomation.pagechaining.tests.BrandsPageTest -->
