<?xml version="1.0" encoding="UTF-8"?>
<!-- Generated by org.testng.reporters.JUnitReportReporter -->
<testsuite hostname="DESKTOP-M0F26I5" failures="0" tests="1" name="com.naveenautomation.pagechaining.tests.GiftCertificatesPageTest" time="12.251" errors="0" timestamp="2024-03-11T11:09:34 EDT" skipped="0">
  <testcase classname="com.naveenautomation.pagechaining.tests.GiftCertificatesPageTest" name="validateGiftCertificatePurchase" time="12.251"/>
</testsuite> <!-- com.naveenautomation.pagechaining.tests.GiftCertificatesPageTest -->
