<?xml version="1.0" encoding="UTF-8"?>
<!-- Generated by org.testng.reporters.JUnitReportReporter -->
<testsuite hostname="DESKTOP-M0F26I5" failures="0" tests="1" name="com.naveenautomation.pagechaining.tests.ContactUsCnfPageTest" time="9.641" errors="0" timestamp="2024-03-18T15:49:27 EDT" skipped="0">
  <testcase classname="com.naveenautomation.pagechaining.tests.ContactUsCnfPageTest" name="validateEnquirySubmission" time="9.641"/>
</testsuite> <!-- com.naveenautomation.pagechaining.tests.ContactUsCnfPageTest -->
