<?xml version="1.0" encoding="UTF-8"?>
<!-- Generated by org.testng.reporters.JUnitReportReporter -->
<testsuite hostname="DESKTOP-M0F26I5" failures="0" tests="1" name="com.naveenautomation.pagechaining.tests.SiteMapPageTest" time="8.217" errors="0" timestamp="2024-03-18T16:58:10 EDT" skipped="0">
  <testcase classname="com.naveenautomation.pagechaining.tests.SiteMapPageTest" name="validateSiteMapPageNavigation" time="8.217"/>
</testsuite> <!-- com.naveenautomation.pagechaining.tests.SiteMapPageTest -->
