<?xml version="1.0" encoding="UTF-8"?>
<!-- Generated by org.testng.reporters.JUnitReportReporter -->
<testsuite hostname="DESKTOP-M0F26I5" failures="0" tests="1" name="com.naveenautomation.pagechaining.tests.OrderHistoryPageTest" time="9.687" errors="0" timestamp="2024-03-18T16:49:13 EDT" skipped="0">
  <testcase classname="com.naveenautomation.pagechaining.tests.OrderHistoryPageTest" name="validateNewsLetterPageNavigation" time="9.687"/>
</testsuite> <!-- com.naveenautomation.pagechaining.tests.OrderHistoryPageTest -->
