<?xml version="1.0" encoding="UTF-8"?>
<!-- Generated by org.testng.reporters.JUnitReportReporter -->
<testsuite hostname="DESKTOP-M0F26I5" failures="0" tests="1" name="com.naveenautomation.pagechaining.tests.ReturnCnfPageTest" time="12.541" errors="0" timestamp="2024-03-11T10:40:14 EDT" skipped="0">
  <testcase classname="com.naveenautomation.pagechaining.tests.ReturnCnfPageTest" name="submitReturn" time="12.541"/>
</testsuite> <!-- com.naveenautomation.pagechaining.tests.ReturnCnfPageTest -->
