<?xml version="1.0" encoding="UTF-8"?>
<!-- Generated by org.testng.reporters.JUnitReportReporter -->
<testsuite hostname="DESKTOP-M0F26I5" failures="0" tests="1" name="com.naveenautomation.pagechaining.tests.AccountLoginPageTest" time="9.634" errors="0" timestamp="2024-03-18T15:48:39 EDT" skipped="0">
  <testcase classname="com.naveenautomation.pagechaining.tests.AccountLoginPageTest" name="validateLogin" time="9.634"/>
</testsuite> <!-- com.naveenautomation.pagechaining.tests.AccountLoginPageTest -->
