<?xml version="1.0" encoding="UTF-8"?>
<!-- Generated by org.testng.reporters.JUnitReportReporter -->
<testsuite hostname="DESKTOP-M0F26I5" failures="0" tests="1" name="com.naveenautomation.pagechaining.tests.NewsLetterPageTest" time="9.786" errors="0" timestamp="2024-03-18T16:34:38 EDT" skipped="0">
  <testcase classname="com.naveenautomation.pagechaining.tests.NewsLetterPageTest" name="validateNewsLetterPageNavigation" time="9.786"/>
</testsuite> <!-- com.naveenautomation.pagechaining.tests.NewsLetterPageTest -->
