<?xml version="1.0" encoding="UTF-8"?>
<!-- Generated by org.testng.reporters.JUnitReportReporter -->
<testsuite hostname="DESKTOP-M0F26I5" failures="0" tests="1" name="com.naveenautomation.pagechaining.tests.TermsNConfPageTest" time="8.493" errors="0" timestamp="2024-03-10T23:48:49 EDT" skipped="0">
  <testcase classname="com.naveenautomation.pagechaining.tests.TermsNConfPageTest" name="aboutUsPageNavigation" time="8.493"/>
</testsuite> <!-- com.naveenautomation.pagechaining.tests.TermsNConfPageTest -->
