<?xml version="1.0" encoding="UTF-8"?>
<!-- Generated by org.testng.reporters.JUnitReportReporter -->
<testsuite hostname="DESKTOP-M0F26I5" failures="0" tests="1" name="com.naveenautomation.pagechaining.tests.NewsLetterSubscribeTest" time="11.498" errors="0" timestamp="2024-03-11T17:57:13 EDT" skipped="0">
  <testcase classname="com.naveenautomation.pagechaining.tests.NewsLetterSubscribeTest" name="subscribeNewsLetter" time="11.498"/>
</testsuite> <!-- com.naveenautomation.pagechaining.tests.NewsLetterSubscribeTest -->
