<?xml version="1.0" encoding="UTF-8"?>
<!-- Generated by org.testng.reporters.JUnitReportReporter -->
<testsuite hostname="DESKTOP-M0F26I5" failures="0" tests="1" name="com.naveenautomation.pagechaining.tests.TransactionsPageTest" time="10.853" errors="0" timestamp="2024-03-18T16:59:33 EDT" skipped="0">
  <testcase classname="com.naveenautomation.pagechaining.tests.TransactionsPageTest" name="validateNewsLetterPageNavigation" time="10.853"/>
</testsuite> <!-- com.naveenautomation.pagechaining.tests.TransactionsPageTest -->
