<?xml version="1.0" encoding="UTF-8"?>
<!-- Generated by org.testng.reporters.JUnitReportReporter -->
<testsuite hostname="DESKTOP-M0F26I5" failures="0" tests="1" name="com.naveenautomation.pagechaining.tests.ForgotPasswordPageTest" time="13.970" errors="0" timestamp="2024-03-10T21:49:21 EDT" skipped="0">
  <testcase classname="com.naveenautomation.pagechaining.tests.ForgotPasswordPageTest" name="validateRegistration" time="13.970"/>
</testsuite> <!-- com.naveenautomation.pagechaining.tests.ForgotPasswordPageTest -->
