<?xml version="1.0" encoding="UTF-8"?>
<!-- Generated by org.testng.reporters.JUnitReportReporter -->
<testsuite hostname="DESKTOP-M0F26I5" failures="0" tests="1" name="com.naveenautomation.pagechaining.tests.ContactUsPageTest" time="8.172" errors="0" timestamp="2024-03-18T15:49:49 EDT" skipped="0">
  <testcase classname="com.naveenautomation.pagechaining.tests.ContactUsPageTest" name="validateContactUsPageNavigation" time="8.172"/>
</testsuite> <!-- com.naveenautomation.pagechaining.tests.ContactUsPageTest -->
